<?xml version="1.0" encoding="UTF-8"?>
<!-- Generated by org.testng.reporters.JUnitReportReporter -->
<testsuite hostname="Kittu" failures="0" tests="1" name="SignIn.TC_001_Email" time="0.000" errors="0" timestamp="2023-07-05T10:26:37 IST" skipped="1">
  <testcase classname="SignIn.TC_001_Email" name="run" time="0.000">
    <skipped/>
  </testcase> <!-- run -->
  <system-out/>
</testsuite> <!-- SignIn.TC_001_Email -->
